<?xml version="1.0" encoding="UTF-8"?>
<!-- Generated by org.testng.reporters.JUnitXMLReporter -->
<testsuite ignored="0" hostname="DESKTOP-5KQFPQD" failures="0" tests="4" name="Test" time="13.9" errors="0" timestamp="2025-02-11T20:58:48 IST">
  <testcase classname="api.test.UserTests" name="testPostUser" time="6.702"/>
  <testcase classname="api.test.UserTests" name="testGetUserByName" time="1.373"/>
  <testcase classname="api.test.UserTests" name="testUpdateUserByName" time="2.591"/>
  <testcase classname="api.test.UserTests" name="testDeleteUserByName" time="1.265"/>
</testsuite> <!-- Test -->
