<?xml version="1.0" encoding="UTF-8"?>
<!-- Generated by org.testng.reporters.JUnitXMLReporter -->
<testsuite ignored="0" hostname="TDLPHP473" failures="0" tests="12" name="API Test(failed)" time="9.582" errors="0" timestamp="2025-04-17T02:00:56 IST">
  <testcase classname="testcases.ProductDataDrivenTest" name="testAddNewProduct" time="2.728"/>
  <testcase classname="testcases.ProductDataDrivenTest" name="testAddNewProduct" time="1.292"/>
  <testcase classname="testcases.ProductTests" name="testGetAllProducts" time="0.939"/>
  <testcase classname="testcases.ProductTests" name="testGetSingleProductById" time="0.406"/>
  <testcase classname="testcases.ProductTests" name="testGetLimitedProduct" time="0.413"/>
  <testcase classname="testcases.ProductTests" name="testGetSortedProducts" time="0.382"/>
  <testcase classname="testcases.ProductTests" name="testGetSortedProductsAsc" time="0.384"/>
  <testcase classname="testcases.ProductTests" name="testGetAllCategories" time="0.357"/>
  <testcase classname="testcases.ProductTests" name="testGetProductByCategory" time="0.498"/>
  <testcase classname="testcases.ProductTests" name="testAddNewProduct" time="0.538"/>
  <testcase classname="testcases.ProductTests" name="testUpdateProduct" time="0.429"/>
  <testcase classname="testcases.ProductTests" name="testDeleteProduct" time="0.454"/>
</testsuite> <!-- API Test(failed) -->
