<?xml version="1.0" encoding="UTF-8"?>
<!-- Generated by org.testng.reporters.JUnitXMLReporter -->
<testsuite ignored="0" hostname="DESKTOP-5KQFPQD" failures="0" tests="4" name="Command line test" time="15.124" errors="0" timestamp="2025-02-11T21:24:34 IST">
  <testcase classname="api.test.UserTests" name="testPostUser" time="8.305"/>
  <testcase classname="api.test.UserTests" name="testGetUserByName" time="1.596"/>
  <testcase classname="api.test.UserTests" name="testUpdateUserByName" time="2.715"/>
  <testcase classname="api.test.UserTests" name="testDeleteUserByName" time="1.496"/>
</testsuite> <!-- Command line test -->
