<?xml version="1.0" encoding="UTF-8"?>
<testng-results ignored="0" total="12" passed="12" failed="0" skipped="0">
  <reporter-output>
  </reporter-output>
  <suite started-at="2025-04-27T22:56:52 IST" name="API Test Suite" finished-at="2025-04-27T22:57:11 IST" duration-ms="19850">
    <groups>
    </groups>
    <test started-at="2025-04-27T22:56:52 IST" name="API Test" finished-at="2025-04-27T22:57:11 IST" duration-ms="19850">
      <class name="testcases.ProductDataDrivenTest">
        <test-method is-config="true" signature="setup()[pri:0, instance:testcases.ProductDataDrivenTest@180e6ac4]" started-at="2025-04-27T22:57:08 IST" name="setup" finished-at="2025-04-27T22:57:08 IST" duration-ms="1" status="PASS">
          <reporter-output>
          </reporter-output>
        </test-method> <!-- setup -->
        <test-method signature="testAddNewProduct(java.util.Map)[pri:0, instance:testcases.ProductDataDrivenTest@180e6ac4]" started-at="2025-04-27T22:57:08 IST" name="testAddNewProduct" data-provider="jsonDataProvider" finished-at="2025-04-27T22:57:10 IST" duration-ms="1760" status="PASS">
          <params>
            <param index="0">
              <value>
                <![CDATA[{title=Wireless Mouse, price=30.11, description=ZEBRONICS Wireless Mouse, image=https://i.pravatar.cc/100, category=electronics}]]>
              </value>
            </param>
          </params>
          <reporter-output>
          </reporter-output>
        </test-method> <!-- testAddNewProduct -->
        <test-method signature="testAddNewProduct(java.util.Map)[pri:0, instance:testcases.ProductDataDrivenTest@180e6ac4]" started-at="2025-04-27T22:57:10 IST" name="testAddNewProduct" data-provider="jsonDataProvider" finished-at="2025-04-27T22:57:11 IST" duration-ms="1759" status="PASS">
          <params>
            <param index="0">
              <value>
                <![CDATA[{title=Women's Handbag, price=85.50, description=Lavie Stylish Handbag, image=https://i.pravatar.cc/104, category=apparels}]]>
              </value>
            </param>
          </params>
          <reporter-output>
          </reporter-output>
        </test-method> <!-- testAddNewProduct -->
      </class> <!-- testcases.ProductDataDrivenTest -->
      <class name="testcases.ProductTests">
        <test-method is-config="true" signature="setup()[pri:0, instance:testcases.ProductTests@569bf9eb]" started-at="2025-04-27T22:56:52 IST" name="setup" finished-at="2025-04-27T22:56:53 IST" duration-ms="994" status="PASS">
          <reporter-output>
          </reporter-output>
        </test-method> <!-- setup -->
        <test-method signature="testGetAllProducts()[pri:1, instance:testcases.ProductTests@569bf9eb]" started-at="2025-04-27T22:56:53 IST" name="testGetAllProducts" finished-at="2025-04-27T22:56:58 IST" duration-ms="5046" status="PASS">
          <reporter-output>
          </reporter-output>
        </test-method> <!-- testGetAllProducts -->
        <test-method signature="testGetSingleProductById()[pri:2, instance:testcases.ProductTests@569bf9eb]" started-at="2025-04-27T22:56:59 IST" name="testGetSingleProductById" finished-at="2025-04-27T22:57:00 IST" duration-ms="946" status="PASS">
          <reporter-output>
          </reporter-output>
        </test-method> <!-- testGetSingleProductById -->
        <test-method signature="testGetLimitedProduct()[pri:3, instance:testcases.ProductTests@569bf9eb]" started-at="2025-04-27T22:57:00 IST" name="testGetLimitedProduct" finished-at="2025-04-27T22:57:01 IST" duration-ms="930" status="PASS">
          <reporter-output>
          </reporter-output>
        </test-method> <!-- testGetLimitedProduct -->
        <test-method signature="testGetSortedProducts()[pri:4, instance:testcases.ProductTests@569bf9eb]" started-at="2025-04-27T22:57:01 IST" name="testGetSortedProducts" finished-at="2025-04-27T22:57:01 IST" duration-ms="917" status="PASS">
          <reporter-output>
          </reporter-output>
        </test-method> <!-- testGetSortedProducts -->
        <test-method signature="testGetSortedProductsAsc()[pri:5, instance:testcases.ProductTests@569bf9eb]" started-at="2025-04-27T22:57:01 IST" name="testGetSortedProductsAsc" finished-at="2025-04-27T22:57:02 IST" duration-ms="870" status="PASS">
          <reporter-output>
          </reporter-output>
        </test-method> <!-- testGetSortedProductsAsc -->
        <test-method signature="testGetAllCategories()[pri:6, instance:testcases.ProductTests@569bf9eb]" started-at="2025-04-27T22:57:02 IST" name="testGetAllCategories" finished-at="2025-04-27T22:57:03 IST" duration-ms="856" status="PASS">
          <reporter-output>
          </reporter-output>
        </test-method> <!-- testGetAllCategories -->
        <test-method signature="testGetProductByCategory()[pri:7, instance:testcases.ProductTests@569bf9eb]" started-at="2025-04-27T22:57:03 IST" name="testGetProductByCategory" finished-at="2025-04-27T22:57:04 IST" duration-ms="1048" status="PASS">
          <reporter-output>
          </reporter-output>
        </test-method> <!-- testGetProductByCategory -->
        <test-method signature="testAddNewProduct()[pri:8, instance:testcases.ProductTests@569bf9eb]" started-at="2025-04-27T22:57:04 IST" name="testAddNewProduct" finished-at="2025-04-27T22:57:06 IST" duration-ms="1848" status="PASS">
          <reporter-output>
          </reporter-output>
        </test-method> <!-- testAddNewProduct -->
        <test-method signature="testUpdateProduct()[pri:9, instance:testcases.ProductTests@569bf9eb]" started-at="2025-04-27T22:57:06 IST" name="testUpdateProduct" finished-at="2025-04-27T22:57:07 IST" duration-ms="844" status="PASS">
          <reporter-output>
          </reporter-output>
        </test-method> <!-- testUpdateProduct -->
        <test-method signature="testDeleteProduct()[pri:10, instance:testcases.ProductTests@569bf9eb]" started-at="2025-04-27T22:57:07 IST" name="testDeleteProduct" finished-at="2025-04-27T22:57:08 IST" duration-ms="926" status="PASS">
          <reporter-output>
          </reporter-output>
        </test-method> <!-- testDeleteProduct -->
      </class> <!-- testcases.ProductTests -->
    </test> <!-- API Test -->
  </suite> <!-- API Test Suite -->
</testng-results>
