<?xml version="1.0" encoding="UTF-8"?>
<testng-results ignored="0" total="14" passed="14" failed="0" skipped="0">
  <reporter-output>
  </reporter-output>
  <suite started-at="2025-05-18T23:35:36 IST" name="API Test Suite" finished-at="2025-05-18T23:35:55 IST" duration-ms="19016">
    <groups>
    </groups>
    <test started-at="2025-05-18T23:35:36 IST" name="API Test" finished-at="2025-05-18T23:35:55 IST" duration-ms="19016">
      <class name="testcases.ProductDataDrivenTest">
        <test-method is-config="true" signature="setup()[pri:0, instance:testcases.ProductDataDrivenTest@235f4c10]" started-at="2025-05-18T23:35:49 IST" name="setup" finished-at="2025-05-18T23:35:49 IST" duration-ms="4" status="PASS">
          <reporter-output>
          </reporter-output>
        </test-method> <!-- setup -->
        <test-method signature="testAddNewProduct(java.util.Map)[pri:0, instance:testcases.ProductDataDrivenTest@235f4c10]" started-at="2025-05-18T23:35:49 IST" name="testAddNewProduct" data-provider="jsonDataProvider" finished-at="2025-05-18T23:35:51 IST" duration-ms="2092" status="PASS">
          <params>
            <param index="0">
              <value>
                <![CDATA[{title=Wireless Mouse, price=30.11, description=ZEBRONICS Wireless Mouse, image=https://i.pravatar.cc/100, category=electronics}]]>
              </value>
            </param>
          </params>
          <reporter-output>
          </reporter-output>
        </test-method> <!-- testAddNewProduct -->
        <test-method signature="testAddNewProduct(java.util.Map)[pri:0, instance:testcases.ProductDataDrivenTest@235f4c10]" started-at="2025-05-18T23:35:51 IST" name="testAddNewProduct" data-provider="jsonDataProvider" finished-at="2025-05-18T23:35:53 IST" duration-ms="2047" status="PASS">
          <params>
            <param index="0">
              <value>
                <![CDATA[{title=Women's Handbag, price=85.50, description=Lavie Stylish Handbag, image=https://i.pravatar.cc/104, category=apparels}]]>
              </value>
            </param>
          </params>
          <reporter-output>
          </reporter-output>
        </test-method> <!-- testAddNewProduct -->
      </class> <!-- testcases.ProductDataDrivenTest -->
      <class name="testcases.ProductTests">
        <test-method is-config="true" signature="setup()[pri:0, instance:testcases.ProductTests@1536602f]" started-at="2025-05-18T23:35:37 IST" name="setup" finished-at="2025-05-18T23:35:37 IST" duration-ms="346" status="PASS">
          <reporter-output>
          </reporter-output>
        </test-method> <!-- setup -->
        <test-method signature="testGetAllProducts()[pri:1, instance:testcases.ProductTests@1536602f]" started-at="2025-05-18T23:35:37 IST" name="testGetAllProducts" finished-at="2025-05-18T23:35:39 IST" duration-ms="2552" status="PASS">
          <reporter-output>
          </reporter-output>
        </test-method> <!-- testGetAllProducts -->
        <test-method signature="testGetSingleProductById()[pri:2, instance:testcases.ProductTests@1536602f]" started-at="2025-05-18T23:35:39 IST" name="testGetSingleProductById" finished-at="2025-05-18T23:35:40 IST" duration-ms="1012" status="PASS">
          <reporter-output>
          </reporter-output>
        </test-method> <!-- testGetSingleProductById -->
        <test-method signature="testGetLimitedProduct()[pri:3, instance:testcases.ProductTests@1536602f]" started-at="2025-05-18T23:35:41 IST" name="testGetLimitedProduct" finished-at="2025-05-18T23:35:42 IST" duration-ms="1000" status="PASS">
          <reporter-output>
          </reporter-output>
        </test-method> <!-- testGetLimitedProduct -->
        <test-method signature="testGetSortedProducts()[pri:4, instance:testcases.ProductTests@1536602f]" started-at="2025-05-18T23:35:42 IST" name="testGetSortedProducts" finished-at="2025-05-18T23:35:42 IST" duration-ms="860" status="PASS">
          <reporter-output>
          </reporter-output>
        </test-method> <!-- testGetSortedProducts -->
        <test-method signature="testGetSortedProductsAsc()[pri:5, instance:testcases.ProductTests@1536602f]" started-at="2025-05-18T23:35:42 IST" name="testGetSortedProductsAsc" finished-at="2025-05-18T23:35:43 IST" duration-ms="1111" status="PASS">
          <reporter-output>
          </reporter-output>
        </test-method> <!-- testGetSortedProductsAsc -->
        <test-method signature="testGetAllCategories()[pri:6, instance:testcases.ProductTests@1536602f]" started-at="2025-05-18T23:35:43 IST" name="testGetAllCategories" finished-at="2025-05-18T23:35:44 IST" duration-ms="984" status="PASS">
          <reporter-output>
          </reporter-output>
        </test-method> <!-- testGetAllCategories -->
        <test-method signature="testGetProductByCategory()[pri:7, instance:testcases.ProductTests@1536602f]" started-at="2025-05-18T23:35:44 IST" name="testGetProductByCategory" finished-at="2025-05-18T23:35:45 IST" duration-ms="891" status="PASS">
          <reporter-output>
          </reporter-output>
        </test-method> <!-- testGetProductByCategory -->
        <test-method signature="testAddNewProduct()[pri:8, instance:testcases.ProductTests@1536602f]" started-at="2025-05-18T23:35:45 IST" name="testAddNewProduct" finished-at="2025-05-18T23:35:47 IST" duration-ms="1226" status="PASS">
          <reporter-output>
          </reporter-output>
        </test-method> <!-- testAddNewProduct -->
        <test-method signature="testUpdateProduct()[pri:9, instance:testcases.ProductTests@1536602f]" started-at="2025-05-18T23:35:47 IST" name="testUpdateProduct" finished-at="2025-05-18T23:35:48 IST" duration-ms="967" status="PASS">
          <reporter-output>
          </reporter-output>
        </test-method> <!-- testUpdateProduct -->
        <test-method signature="testDeleteProduct()[pri:10, instance:testcases.ProductTests@1536602f]" started-at="2025-05-18T23:35:48 IST" name="testDeleteProduct" finished-at="2025-05-18T23:35:49 IST" duration-ms="1067" status="PASS">
          <reporter-output>
          </reporter-output>
        </test-method> <!-- testDeleteProduct -->
      </class> <!-- testcases.ProductTests -->
      <class name="testcases.LoginTest">
        <test-method is-config="true" signature="setup()[pri:0, instance:testcases.LoginTest@743cb8e0]" started-at="2025-05-18T23:35:53 IST" name="setup" finished-at="2025-05-18T23:35:53 IST" duration-ms="4" status="PASS">
          <reporter-output>
          </reporter-output>
        </test-method> <!-- setup -->
        <test-method signature="testInvalidUserLogin()[pri:0, instance:testcases.LoginTest@743cb8e0]" started-at="2025-05-18T23:35:53 IST" name="testInvalidUserLogin" finished-at="2025-05-18T23:35:54 IST" duration-ms="1414" status="PASS">
          <reporter-output>
          </reporter-output>
        </test-method> <!-- testInvalidUserLogin -->
        <test-method signature="testValidUserLogin()[pri:0, instance:testcases.LoginTest@743cb8e0]" started-at="2025-05-18T23:35:54 IST" name="testValidUserLogin" finished-at="2025-05-18T23:35:55 IST" duration-ms="1105" status="PASS">
          <reporter-output>
          </reporter-output>
        </test-method> <!-- testValidUserLogin -->
      </class> <!-- testcases.LoginTest -->
    </test> <!-- API Test -->
  </suite> <!-- API Test Suite -->
</testng-results>
